[CommunicationLog]
S [007A7696] : (35)
R [00792B0B] : 0
S [00792ABC] : (330F01AA)
R [00792732] : 0
S [007926E4] : (410F010000080)
R [007926E4] : 0000000000000000000000000000000000000000000000000000000000000138400010F01AA0000000000
S [007926B5] : (40)
R [007926B5] : 0
S [00792648] : (21)
R [00792648] : 0
S [00791C36] : 0B
R [00791C36] : 0
S [0079180F] : (0B)
R [007917D1] : 0
S [007915BD] : (07)
R [0079091B] : 0EDED0F03000000000010041C070C000000000000000000000000000007080A1C00890F013104000FF800
S [0079090B] : (40)
R [0079090B] : 01
S [0079090B] : (34)
R [0079090B] : 010F0131
S [007908FC] : (35)
R [007908FC] : 0EDED0F03000000000010041C070C000000000000000000000000000007080A1C00890F013104000FF800
S [007908EC] : (40)
R [007908EC] : 01
S [007908CD] : (34)
R [007908CD] : 010F0131
S [007908CD] : (35)
R [0075D364] : 0
S [0075D316] : (330F01AA)
R [0075D112] : 0
S [0075D0C4] : (410F018000080)
R [0075D0C4] : 0
S [0075D076] : (410F010000080)
R [0075D076] : 0000000000000000000000000000000000000000000000000000000000000138400010F01AA0000000000
S [0075D047] : (40)
R [0075D047] : 0
S [0075CFD9] : (21)
R [0075CFD9] : 0
S [0075C5C7] : 0B
R [0075C5C7] : 0
S [0075C1A1] : (0B)
R [0075C162] : 0
S [0075BF4F] : (07)
R [0075B481] : 0
S [0075B472] : (410F018000080)
R [0075B472] : 0
S [0075B453] : (410F010000080)
R [0075AE38] : 09D690F03000000000010041C070C000000000000000000000000000007080A1C00890F013404000FF800
S [0075AE28] : (40)
R [0075AE28] : 01
S [0075AE19] : (34)
R [0075AE19] : 010F0134
S [0075AE19] : (35)
R [0075AE19] : 09D690F03000000000010041C070C000000000000000000000000000007080A1C00890F013404000FF800
S [0075ADFA] : (40)
R [0075ADFA] : 01
S [0075ADEA] : (34)
R [0075ADEA] : 010F0134
S [0075ADDA] : (35)
R [0074C3D8] : 0
S [0074C38A] : (330F01AA)
R [0074C1D4] : 0000000000000000000000000000000000000000000000000000000000000138400010F01AA0000000000
S [0074C1A6] : (40)
R [0074C1A6] : 0
S [0074C138] : (21)
R [0074C138] : 0
S [0074B726] : 0B
R [0074B726] : 0
S [0074B300] : (0B)
R [0074B2C1] : 0
S [0074B0AE] : (07)
R [0074A738] : 00C210F02000000000010041C070C000000000000000000000000000007080A1C00810F013104000FF800
S [0074A719] : (40)
R [0074A719] : 01
S [0074A719] : (34)
R [0074A719] : 010F0131
S [0074A709] : (35)
R [0074A709] : 00C210F02000000000010041C070C000000000000000000000000000007080A1C00810F013104000FF800
S [0074A6F9] : (40)
R [0074A6F9] : 01
S [0074A6DA] : (34)
R [0074A6DA] : 010F0131
S [0074A6DA] : (35)
R [00709B16] : 0
S [00709AC8] : (330F01AA)
R [007098D4] : 0000000000000000000000000000000000000000000000000000000000000138400010F01AA0000000000
S [007098A5] : (40)
R [007098A5] : 0
S [00709847] : (21)
R [00709847] : 0
S [00708E25] : 0B
R [00708E25] : 0
S [007089FF] : (0B)
R [007089C0] : 0
S [0070879E] : (07)
R [0070786B] : 0AC340F03000100000010041C070C000000000000000000000000000007080A1C00890F013104000FF800
S [0070785B] : (40)
R [0070784C] : 01
S [0070784C] : (34)
R [0070784C] : 010F0131
S [0070784C] : (35)
R [0070784C] : 0AC340F03000100000010041C070C000000000000000000000000000007080A1C00890F013104000FF800
S [0070782C] : (40)
R [0070782C] : 01
S [0070781D] : (34)
R [0070781D] : 010F0131
S [0070780D] : (35)
R [006F88BC] : 0
S [006F885E] : (330F01AA)
R [006F865A] : 0
S [006F860C] : (410F018000080)
R [006F860C] : 0
S [006F85BE] : (410F010000080)
R [006F85BE] : 0000000000000000000000000000000000000000000000000000000000000138400010F01AA0000000000
S [006F858F] : (40)
R [006F858F] : 0
S [006F8522] : (21)
R [006F8522] : 0
S [006F7B10] : 0B
R [006F7B10] : 0
S [006F76E9] : (0B)
R [006F76AB] : 0
S [006F7497] : (07)
R [006F67D6] : 0
S [006F67B6] : (410F018000080)
R [006F61FA] : 01FC20F03000000000010041C070C000000000000000000000000000007080A1C00850F013F04000FF800
S [006F61DA] : (40)
R [006F61DA] : 01
S [006F61DA] : (34)
R [006F61DA] : 010F013F
S [006F61CB] : (35)
R [006F61CB] : 01FC20F03000000000010041C070C000000000000000000000000000007080A1C00850F013F04000FF800
S [006F61BB] : (40)
R [006F61BB] : 01
S [006F61AC] : (34)
R [006F61AC] : 010F013F
S [006F619C] : (35)
R [006F48D4] : 0
S [006F48B5] : (410F000000080)
R [006F13F9] : 0
S [006F13AB] : (330F01AA)
R [006F067C] : 0000000000000000000000000000000000000000000000000000000000000138400010F01AA0000000000
S [006F063D] : (40)
R [006F05FF] : 0
S [006F03EC] : (07)
R [006F01E8] : 0
S [006F019A] : (410F010000080)
R [006F019A] : 0000000000000000000000000000000000000000000000000000000000000138400010F01AA0000000000
S [006F016B] : (40)
R [006F016B] : 0
S [006F00FE] : (21)
R [006F00FE] : 0
S [006EF6EB] : 0B
R [006EF6EB] : 0
S [006EF2C5] : (0B)
R [006EF286] : 0
S [006EF073] : (07)
R [006EE680] : 0
S [006EE671] : (410F018000080)
R [006EE671] : 0
S [006EE651] : (410F010000080)
R [006EDE53] : 000250F01000000000010041C070C000000000000000000000000000007080A1C00810F013604000FF800
S [006EDE43] : (40)
R [006EDE43] : 01
S [006EDE33] : (34)
R [006EDE33] : 010F0136
S [006EDE33] : (35)
R [006EDE33] : 000250F01000000000010041C070C000000000000000000000000000007080A1C00810F013604000FF800
S [006EDE14] : (40)
R [006EDE14] : 01
S [006EDE04] : (34)
R [006EDE04] : 010F0136
S [006EDDF5] : (35)
R [006E8C1C] : 0
S [006E8BCE] : (330F01A6)
R [006E8601] : 0000000000000000000000000000000000000000000000000000000000000138400010F01A60000000000
S [006E85D2] : (40)
R [006E85D2] : 0
S [006E8575] : (21)
R [006E8575] : 0
S [006E7B53] : 0B
R [006E7B53] : 0
S [006E772C] : (0B)
R [006E76EE] : 0
S [006E74CB] : (07)
R [006B768F] : 000000F00000000000010041C00000000000000000000000000000000071C0A1C00850F026604000FF800
S [006B767F] : (40)
R [006B767F] : 01
S [006B767F] : (34)
R [006B767F] : 010F0266
S [006B766F] : (35)
R [006B766F] : 000000F00000000000010041C00000000000000000000000000000000071C0A1C00850F026604000FF800
S [006B7660] : (40)
R [006B7660] : 01
S [006B7641] : (34)
R [006B7641] : 010F0266
S [006B7641] : (35)
R [006B6578] : 0
S [006B651A] : (330F0152)
R [006B619F] : 0000000000000000000000000000000000000000000000000000000000000138400010F01520000000000
S [006B6170] : (40)
R [006B6170] : 0
S [006B6113] : (21)
R [006B6113] : 0
S [006B5701] : 0B
R [006B5701] : 0
S [006B52DA] : (0B)
R [006B529C] : 0
S [006B5088] : (07)
R [006B383E] : 0000000000000000000000000000000000000000000000000000000000000138400010F01520000000000
S [006B37FF] : (40)
R [006B37C1] : 0
S [006B35AD] : (07)
R [006B35AD] : 0
S [006B3550] : (08)
R [006B3550] : 0000000000000000000000000000000000000000000000000000000000000138400010F01520000000000
S [006B3521] : (40)
R [006B3521] : 01
S [006B3521] : (34)
R [006B3521] : 010F0152
S [006B3501] : (35)
R [006B3501] : 018066FFFFC000E000FFFF080404F08040411
S [006B34F2] : (00)
